<?xml version="1.0" encoding="UTF-8"?>
<testsuite xmlns:xsi="http://www.w3.org/2001/XMLSchema-instance" xsi:noNamespaceSchemaLocation="https://maven.apache.org/surefire/maven-surefire-plugin/xsd/surefire-test-report-3.0.xsd" version="3.0" name="InjectedTest" time="20.059" tests="6" errors="0" skipped="0" failures="0">
  <properties>
[...]
</properties>
  <testcase name="" classname="org.jvnet.hudson.test.JellyTestSuiteBuilder$JellyCheck" time="0.27">
    <system-out><![CDATA[Running tests for org.jenkins-ci.plugins:HelloWorldBuildWrapper:1.0-SNAPSHOT
]]></system-out>
    <system-err><![CDATA[Aug 22, 2023 1:48:11 AM org.jvnet.hudson.test.WarExploder explode
INFO: Exploding C:\Users\SisamMot\.m2\repository\org\jenkins-ci\main\jenkins-war\2.387.3\jenkins-war-2.387.3.war into c:\Code\My Github\stage-wrapper-plugin\target\jenkins-for-test
Aug 22, 2023 1:48:24 AM org.eclipse.jetty.server.handler.ContextHandler setContextPath
WARNING: Empty contextPath
Aug 22, 2023 1:48:24 AM org.eclipse.jetty.server.Server doStart
INFO: jetty-10.0.15; built: 2023-04-11T17:25:14.480Z; git: 68017dbd00236bb7e187330d7585a059610f661d; jvm 11.0.18+10-LTS
Aug 22, 2023 1:48:24 AM org.eclipse.jetty.webapp.StandardDescriptorProcessor visitServlet
INFO: NO JSP Support for /, did not find org.eclipse.jetty.jsp.JettyJspServlet
Aug 22, 2023 1:48:24 AM org.eclipse.jetty.server.session.DefaultSessionIdManager doStart
INFO: Session workerName=node0
Aug 22, 2023 1:48:25 AM org.eclipse.jetty.server.handler.ContextHandler doStart
INFO: Started o.e.j.w.WebAppContext@629adce{Jenkins v2.387.3,/,file:///C:/Code/My%20Github/stage-wrapper-plugin/target/jenkins-for-test/,AVAILABLE}{c:\Code\My Github\stage-wrapper-plugin\target\jenkins-for-test}
Aug 22, 2023 1:48:25 AM org.eclipse.jetty.server.AbstractConnector doStart
INFO: Started ServerConnector@3adbe50f{HTTP/1.1, (http/1.1)}{localhost:50695}
Aug 22, 2023 1:48:25 AM org.eclipse.jetty.server.Server doStart
INFO: Started Server@5e39850{STARTING}[10.0.15,sto=0] @16062ms
Aug 22, 2023 1:48:25 AM jenkins.InitReactorRunner$1 onAttained
INFO: Started initialization
Aug 22, 2023 1:48:25 AM jenkins.InitReactorRunner$1 onAttained
INFO: Listed all plugins
Aug 22, 2023 1:48:26 AM jenkins.InitReactorRunner$1 onAttained
INFO: Prepared all plugins
Aug 22, 2023 1:48:26 AM jenkins.InitReactorRunner$1 onAttained
INFO: Started all plugins
Aug 22, 2023 1:48:26 AM jenkins.InitReactorRunner$1 onAttained
INFO: Augmented all extensions
Aug 22, 2023 1:48:26 AM jenkins.InitReactorRunner$1 onAttained
INFO: System config loaded
Aug 22, 2023 1:48:26 AM jenkins.InitReactorRunner$1 onAttained
INFO: System config adapted
Aug 22, 2023 1:48:26 AM jenkins.InitReactorRunner$1 onAttained
INFO: Loaded all jobs
Aug 22, 2023 1:48:26 AM jenkins.InitReactorRunner$1 onAttained
INFO: Configuration for all jobs updated
Aug 22, 2023 1:48:27 AM jenkins.InitReactorRunner$1 onAttained
INFO: Completed initialization
Aug 22, 2023 1:48:27 AM org.eclipse.jetty.server.Server doStart
INFO: jetty-10.0.15; built: 2023-04-11T17:25:14.480Z; git: 68017dbd00236bb7e187330d7585a059610f661d; jvm 11.0.18+10-LTS
Aug 22, 2023 1:48:27 AM org.eclipse.jetty.server.session.DefaultSessionIdManager doStart
INFO: Session workerName=node0
Aug 22, 2023 1:48:27 AM org.eclipse.jetty.server.handler.ContextHandler doStart
INFO: Started o.e.j.s.ServletContextHandler@102c577f{/,null,AVAILABLE}
Aug 22, 2023 1:48:27 AM org.eclipse.jetty.server.AbstractConnector doStart
INFO: Started ServerConnector@1fb2d5e{HTTP/1.1, (http/1.1)}{0.0.0.0:50713}
Aug 22, 2023 1:48:27 AM org.eclipse.jetty.server.Server doStart
INFO: Started Server@6573d2f7{STARTING}[10.0.15,sto=0] @18147ms
]]></system-err>
  </testcase>
  <testcase name="" classname="org.jvnet.hudson.test.JellyTestSuiteBuilder$JellyCheck" time="0.003"/>
  <testcase name="" classname="org.jvnet.hudson.test.JellyTestSuiteBuilder$JellyCheck" time="0.07"/>
  <testcase name="testCliSanity" classname="InjectedTest" time="0.023"/>
  <testcase name="testPluginActive" classname="InjectedTest" time="0.001"/>
  <testcase name="" classname="org.jvnet.hudson.test.junit.FailedTest" time="0.001">
    <system-err><![CDATA[Aug 22, 2023 1:48:31 AM org.eclipse.jetty.server.Server doStop
INFO: Stopped Server@5e39850{STOPPING}[10.0.15,sto=0]
Aug 22, 2023 1:48:31 AM org.eclipse.jetty.server.AbstractConnector doStop
INFO: Stopped ServerConnector@3adbe50f{HTTP/1.1, (http/1.1)}{localhost:0}
Aug 22, 2023 1:48:31 AM org.eclipse.jetty.server.handler.ContextHandler doStop
INFO: Stopped o.e.j.w.WebAppContext@629adce{Jenkins v2.387.3,/,file:///C:/Code/My%20Github/stage-wrapper-plugin/target/jenkins-for-test/,STOPPED}{c:\Code\My Github\stage-wrapper-plugin\target\jenkins-for-test}
Aug 22, 2023 1:48:31 AM hudson.lifecycle.Lifecycle onStatusUpdate
INFO: Stopping Jenkins
Aug 22, 2023 1:48:31 AM hudson.lifecycle.Lifecycle onStatusUpdate
INFO: Jenkins stopped
Aug 22, 2023 1:48:31 AM org.jvnet.hudson.test.TemporaryDirectoryAllocator dispose
INFO: deleting c:\Code\My Github\stage-wrapper-plugin\target\tmp\j h11640543913637271498
]]></system-err>
  </testcase>
</testsuite>